2023-12-01 09:30:54,262 [Worker-7: Loading available Gradle versions] INFO  o.e.b.c.i.u.g.PublishedGradleVersions - Gradle version information cache is out-of-date. Trying to update.
2023-12-01 09:31:19,843 [Worker-16: Building] INFO  o.e.m.c.i.l.LifecycleMappingFactory - Using org.eclipse.m2e.jdt.JarLifecycleMapping lifecycle mapping for MavenProject: com.curso.inicio:07-Agencia_Viajes:0.0.1-SNAPSHOT @ C:\Users\0020994\Desktop\ProyectoFinal\07-Hoteles\pom.xml.
2023-12-01 09:31:21,240 [Worker-16: Building] INFO  o.a.m.s.f.DefaultMavenResourcesFiltering - Copying 1 resource from src\main\resources to target\classes
2023-12-01 09:31:21,255 [Worker-16: Building] INFO  o.a.m.s.f.DefaultMavenResourcesFiltering - Copying 0 resource from src\main\resources to target\classes
2023-12-01 09:31:21,262 [Worker-16: Building] INFO  o.a.m.s.f.DefaultMavenResourcesFiltering - skip non existing resourceDirectory C:\Users\0020994\Desktop\ProyectoFinal\07-Hoteles\src\test\resources
2023-12-01 09:31:22,997 [Worker-36: Building] INFO  o.e.m.c.i.l.LifecycleMappingFactory - Using org.eclipse.m2e.jdt.JarLifecycleMapping lifecycle mapping for MavenProject: com.curso.inicio:07-Reservas:0.0.1-SNAPSHOT @ C:\Users\0020994\Desktop\ProyectoFinal\07-Reservas\pom.xml.
2023-12-01 09:31:23,762 [Worker-36: Building] WARN  o.e.m.c.i.embedder.EclipseLogger - The POM for com.curso.inicio:07-Vuelos:jar:0.0.1-SNAPSHOT is missing, no dependency information available
2023-12-01 09:31:23,920 [Worker-36: Building] WARN  o.e.m.c.i.embedder.EclipseLogger - The POM for com.curso.inicio:01-SpringBootEjemplo:jar:0.0.1-SNAPSHOT is missing, no dependency information available
2023-12-01 09:31:24,117 [Worker-36: Building] INFO  o.e.m.c.i.p.WorkspaceClassifierResolverManager - Resolving P/07-Hoteles: com.curso.inicio:07-Agencia_Viajes:0.0.1-SNAPSHOT with classifier  to /07-Hoteles/target/classes
2023-12-01 09:31:24,753 [Worker-36: Building] INFO  o.a.m.s.f.DefaultMavenResourcesFiltering - Copying 1 resource from src\main\resources to target\classes
2023-12-01 09:31:24,771 [Worker-36: Building] INFO  o.a.m.s.f.DefaultMavenResourcesFiltering - Copying 0 resource from src\main\resources to target\classes
2023-12-01 09:31:24,777 [Worker-36: Building] INFO  o.a.m.s.f.DefaultMavenResourcesFiltering - skip non existing resourceDirectory C:\Users\0020994\Desktop\ProyectoFinal\07-Reservas\src\test\resources
2023-12-01 09:31:25,649 [Worker-34: Download sources and javadoc] ERROR o.e.m.j.internal.DownloadSourcesJob - Could not download javadoc for com.curso.inicio:07-Vuelos:0.0.1-SNAPSHOT
org.eclipse.core.runtime.CoreException: Could not resolve artifact com.curso.inicio:07-Vuelos:jar:javadoc:0.0.1-SNAPSHOT
	at org.eclipse.m2e.core.internal.embedder.MavenImpl.lambda$6(MavenImpl.java:584)
	at org.eclipse.m2e.core.internal.embedder.MavenExecutionContext.executeBare(MavenExecutionContext.java:394)
	at org.eclipse.m2e.core.internal.embedder.MavenExecutionContext.execute(MavenExecutionContext.java:228)
	at org.eclipse.m2e.core.internal.embedder.MavenExecutionContext.execute(MavenExecutionContext.java:214)
	at org.eclipse.m2e.core.internal.embedder.MavenImpl.resolve(MavenImpl.java:553)
	at org.eclipse.m2e.core.internal.embedder.MavenImpl.resolve(MavenImpl.java:538)
	at org.eclipse.m2e.jdt.internal.DownloadSourcesJob.download(DownloadSourcesJob.java:308)
	at org.eclipse.m2e.jdt.internal.DownloadSourcesJob.downloadAttachments(DownloadSourcesJob.java:294)
	at org.eclipse.m2e.jdt.internal.DownloadSourcesJob.downloadMaven(DownloadSourcesJob.java:252)
	at org.eclipse.m2e.jdt.internal.DownloadSourcesJob.downloadFilesAndPopulateToUpdate(DownloadSourcesJob.java:220)
	at org.eclipse.m2e.jdt.internal.DownloadSourcesJob.lambda$0(DownloadSourcesJob.java:149)
	at org.eclipse.m2e.core.internal.embedder.MavenExecutionContext.executeBare(MavenExecutionContext.java:394)
	at org.eclipse.m2e.core.internal.embedder.MavenExecutionContext.execute(MavenExecutionContext.java:275)
	at org.eclipse.m2e.core.internal.embedder.MavenExecutionContext.execute(MavenExecutionContext.java:214)
	at org.eclipse.m2e.core.embedder.IMaven.execute(IMaven.java:294)
	at org.eclipse.m2e.jdt.internal.DownloadSourcesJob.run(DownloadSourcesJob.java:149)
	at org.eclipse.core.internal.jobs.Worker.run(Worker.java:63)
2023-12-01 09:31:26,026 [Worker-26: Building] INFO  o.e.m.c.i.l.LifecycleMappingFactory - Using org.eclipse.m2e.jdt.JarLifecycleMapping lifecycle mapping for MavenProject: com.curso.inicio:07-Vuelos:0.0.1-SNAPSHOT @ C:\Users\0020994\Desktop\ProyectoFinal\07-Vuelos\pom.xml.
2023-12-01 09:31:26,992 [Worker-26: Building] INFO  o.e.m.c.i.l.LifecycleMappingFactory - Using org.eclipse.m2e.jdt.JarLifecycleMapping lifecycle mapping for MavenProject: com.curso.inicio:07-Reservas:0.0.1-SNAPSHOT @ C:\Users\0020994\Desktop\ProyectoFinal\07-Reservas\pom.xml.
2023-12-01 09:31:27,074 [Worker-26: Building] WARN  o.e.m.c.i.embedder.EclipseLogger - The POM for com.curso.inicio:01-SpringBootEjemplo:jar:0.0.1-SNAPSHOT is missing, no dependency information available
2023-12-01 09:31:27,156 [Worker-26: Building] INFO  o.e.m.c.i.p.WorkspaceClassifierResolverManager - Resolving P/07-Vuelos: com.curso.inicio:07-Vuelos:0.0.1-SNAPSHOT with classifier  to /07-Vuelos/target/classes
2023-12-01 09:31:27,156 [Worker-26: Building] INFO  o.e.m.c.i.p.WorkspaceClassifierResolverManager - Resolving P/07-Hoteles: com.curso.inicio:07-Agencia_Viajes:0.0.1-SNAPSHOT with classifier  to /07-Hoteles/target/classes
2023-12-01 09:31:27,831 [Worker-26: Building] INFO  o.a.m.s.f.DefaultMavenResourcesFiltering - skip non existing resourceDirectory C:\Users\0020994\Desktop\ProyectoFinal\07-Vuelos\src\main\resources
2023-12-01 09:31:27,832 [Worker-26: Building] INFO  o.a.m.s.f.DefaultMavenResourcesFiltering - skip non existing resourceDirectory C:\Users\0020994\Desktop\ProyectoFinal\07-Vuelos\src\main\resources
2023-12-01 09:31:27,836 [Worker-26: Building] INFO  o.a.m.s.f.DefaultMavenResourcesFiltering - skip non existing resourceDirectory C:\Users\0020994\Desktop\ProyectoFinal\07-Vuelos\src\test\resources
2023-12-01 09:31:28,920 [Worker-21: Updating Maven Dependencies] INFO  o.e.m.c.i.l.LifecycleMappingFactory - Using org.eclipse.m2e.jdt.JarLifecycleMapping lifecycle mapping for MavenProject: com.curso.inicio:07-Vuelos:0.0.1-SNAPSHOT @ C:\Users\0020994\Desktop\ProyectoFinal\07-Vuelos\pom.xml.
2023-12-01 09:32:57,255 [Worker-22: Building] INFO  o.a.m.s.f.DefaultMavenResourcesFiltering - skip non existing resourceDirectory C:\Users\0020994\Desktop\ProyectoFinal\07-Vuelos\src\main\resources
2023-12-01 09:32:57,256 [Worker-22: Building] INFO  o.a.m.s.f.DefaultMavenResourcesFiltering - skip non existing resourceDirectory C:\Users\0020994\Desktop\ProyectoFinal\07-Vuelos\src\main\resources
2023-12-01 09:32:57,259 [Worker-22: Building] INFO  o.a.m.s.f.DefaultMavenResourcesFiltering - skip non existing resourceDirectory C:\Users\0020994\Desktop\ProyectoFinal\07-Vuelos\src\test\resources
2023-12-01 09:33:17,469 [Worker-25: Building] INFO  o.a.m.s.f.DefaultMavenResourcesFiltering - skip non existing resourceDirectory C:\Users\0020994\Desktop\ProyectoFinal\07-Vuelos\src\main\resources
2023-12-01 09:33:17,469 [Worker-25: Building] INFO  o.a.m.s.f.DefaultMavenResourcesFiltering - skip non existing resourceDirectory C:\Users\0020994\Desktop\ProyectoFinal\07-Vuelos\src\main\resources
2023-12-01 09:33:17,473 [Worker-25: Building] INFO  o.a.m.s.f.DefaultMavenResourcesFiltering - skip non existing resourceDirectory C:\Users\0020994\Desktop\ProyectoFinal\07-Vuelos\src\test\resources
2023-12-01 09:33:38,983 [Worker-36: Building] INFO  o.a.m.s.f.DefaultMavenResourcesFiltering - Copying 0 resource from src\main\resources to target\classes
2023-12-01 09:33:38,984 [Worker-36: Building] INFO  o.a.m.s.f.DefaultMavenResourcesFiltering - Copying 0 resource from src\main\resources to target\classes
2023-12-01 09:33:38,986 [Worker-36: Building] INFO  o.a.m.s.f.DefaultMavenResourcesFiltering - skip non existing resourceDirectory C:\Users\0020994\Desktop\ProyectoFinal\07-Vuelos\src\test\resources
2023-12-01 09:34:00,940 [Worker-6: Building] INFO  o.a.m.s.f.DefaultMavenResourcesFiltering - Copying 1 resource from src\main\resources to target\classes
2023-12-01 09:34:00,952 [Worker-6: Building] INFO  o.a.m.s.f.DefaultMavenResourcesFiltering - Copying 0 resource from src\main\resources to target\classes
2023-12-01 09:34:00,954 [Worker-6: Building] INFO  o.a.m.s.f.DefaultMavenResourcesFiltering - skip non existing resourceDirectory C:\Users\0020994\Desktop\ProyectoFinal\07-Vuelos\src\test\resources
2023-12-01 09:34:06,751 [Worker-28: Building] INFO  o.a.m.s.f.DefaultMavenResourcesFiltering - Copying 0 resource from src\main\resources to target\classes
2023-12-01 09:34:06,752 [Worker-28: Building] INFO  o.a.m.s.f.DefaultMavenResourcesFiltering - Copying 0 resource from src\main\resources to target\classes
2023-12-01 09:34:06,756 [Worker-28: Building] INFO  o.a.m.s.f.DefaultMavenResourcesFiltering - skip non existing resourceDirectory C:\Users\0020994\Desktop\ProyectoFinal\07-Vuelos\src\test\resources
2023-12-01 09:34:43,341 [Worker-6: Building] INFO  o.a.m.s.f.DefaultMavenResourcesFiltering - Copying 1 resource from src\main\resources to target\classes
2023-12-01 09:34:43,353 [Worker-6: Building] INFO  o.a.m.s.f.DefaultMavenResourcesFiltering - Copying 0 resource from src\main\resources to target\classes
2023-12-01 09:34:43,356 [Worker-6: Building] INFO  o.a.m.s.f.DefaultMavenResourcesFiltering - skip non existing resourceDirectory C:\Users\0020994\Desktop\ProyectoFinal\07-Vuelos\src\test\resources
2023-12-01 09:34:47,523 [Worker-27: Building] INFO  o.a.m.s.f.DefaultMavenResourcesFiltering - Copying 1 resource from src\main\resources to target\classes
2023-12-01 09:34:47,533 [Worker-27: Building] INFO  o.a.m.s.f.DefaultMavenResourcesFiltering - Copying 0 resource from src\main\resources to target\classes
2023-12-01 09:34:47,536 [Worker-27: Building] INFO  o.a.m.s.f.DefaultMavenResourcesFiltering - skip non existing resourceDirectory C:\Users\0020994\Desktop\ProyectoFinal\07-Vuelos\src\test\resources
2023-12-01 09:36:36,257 [Worker-4: Building] INFO  o.a.m.s.f.DefaultMavenResourcesFiltering - Copying 1 resource from src\main\resources to target\classes
2023-12-01 09:36:36,264 [Worker-4: Building] INFO  o.a.m.s.f.DefaultMavenResourcesFiltering - Copying 0 resource from src\main\resources to target\classes
2023-12-01 09:36:36,267 [Worker-4: Building] INFO  o.a.m.s.f.DefaultMavenResourcesFiltering - skip non existing resourceDirectory C:\Users\0020994\Desktop\ProyectoFinal\07-Vuelos\src\test\resources
2023-12-01 09:38:10,439 [Worker-13: Building] INFO  o.a.m.s.f.DefaultMavenResourcesFiltering - Copying 1 resource from src\main\resources to target\classes
2023-12-01 09:38:10,444 [Worker-13: Building] INFO  o.a.m.s.f.DefaultMavenResourcesFiltering - Copying 0 resource from src\main\resources to target\classes
2023-12-01 09:38:10,446 [Worker-13: Building] INFO  o.a.m.s.f.DefaultMavenResourcesFiltering - skip non existing resourceDirectory C:\Users\0020994\Desktop\ProyectoFinal\07-Vuelos\src\test\resources
2023-12-01 09:41:19,528 [Worker-8: Building] INFO  o.a.m.s.f.DefaultMavenResourcesFiltering - Copying 1 resource from src\main\resources to target\classes
2023-12-01 09:41:19,532 [Worker-8: Building] INFO  o.a.m.s.f.DefaultMavenResourcesFiltering - Copying 0 resource from src\main\resources to target\classes
2023-12-01 09:41:19,535 [Worker-8: Building] INFO  o.a.m.s.f.DefaultMavenResourcesFiltering - skip non existing resourceDirectory C:\Users\0020994\Desktop\ProyectoFinal\07-Hoteles\src\test\resources
2023-12-01 09:41:57,543 [Worker-0: Building] INFO  o.a.m.s.f.DefaultMavenResourcesFiltering - Copying 1 resource from src\main\resources to target\classes
2023-12-01 09:41:57,549 [Worker-0: Building] INFO  o.a.m.s.f.DefaultMavenResourcesFiltering - Copying 0 resource from src\main\resources to target\classes
2023-12-01 09:41:57,552 [Worker-0: Building] INFO  o.a.m.s.f.DefaultMavenResourcesFiltering - skip non existing resourceDirectory C:\Users\0020994\Desktop\ProyectoFinal\07-Hoteles\src\test\resources
2023-12-01 09:42:10,577 [Worker-8: Building] INFO  o.a.m.s.f.DefaultMavenResourcesFiltering - Copying 1 resource from src\main\resources to target\classes
2023-12-01 09:42:10,581 [Worker-8: Building] INFO  o.a.m.s.f.DefaultMavenResourcesFiltering - Copying 0 resource from src\main\resources to target\classes
2023-12-01 09:42:10,583 [Worker-8: Building] INFO  o.a.m.s.f.DefaultMavenResourcesFiltering - skip non existing resourceDirectory C:\Users\0020994\Desktop\ProyectoFinal\07-Hoteles\src\test\resources
2023-12-01 09:42:32,902 [Worker-3: Building] INFO  o.a.m.s.f.DefaultMavenResourcesFiltering - Copying 1 resource from src\main\resources to target\classes
2023-12-01 09:42:32,907 [Worker-3: Building] INFO  o.a.m.s.f.DefaultMavenResourcesFiltering - Copying 0 resource from src\main\resources to target\classes
2023-12-01 09:42:32,909 [Worker-3: Building] INFO  o.a.m.s.f.DefaultMavenResourcesFiltering - skip non existing resourceDirectory C:\Users\0020994\Desktop\ProyectoFinal\07-Hoteles\src\test\resources
2023-12-01 09:42:42,585 [Worker-3: Building] INFO  o.a.m.s.f.DefaultMavenResourcesFiltering - Copying 1 resource from src\main\resources to target\classes
2023-12-01 09:42:42,590 [Worker-3: Building] INFO  o.a.m.s.f.DefaultMavenResourcesFiltering - Copying 0 resource from src\main\resources to target\classes
2023-12-01 09:42:42,591 [Worker-3: Building] INFO  o.a.m.s.f.DefaultMavenResourcesFiltering - skip non existing resourceDirectory C:\Users\0020994\Desktop\ProyectoFinal\07-Hoteles\src\test\resources
2023-12-01 09:46:22,338 [Worker-0: Building] INFO  o.a.m.s.f.DefaultMavenResourcesFiltering - Copying 1 resource from src\main\resources to target\classes
2023-12-01 09:46:22,343 [Worker-0: Building] INFO  o.a.m.s.f.DefaultMavenResourcesFiltering - Copying 0 resource from src\main\resources to target\classes
2023-12-01 09:46:22,345 [Worker-0: Building] INFO  o.a.m.s.f.DefaultMavenResourcesFiltering - skip non existing resourceDirectory C:\Users\0020994\Desktop\ProyectoFinal\07-Hoteles\src\test\resources
2023-12-01 09:46:27,090 [Worker-0: Building] INFO  o.a.m.s.f.DefaultMavenResourcesFiltering - Copying 1 resource from src\main\resources to target\classes
2023-12-01 09:46:27,094 [Worker-0: Building] INFO  o.a.m.s.f.DefaultMavenResourcesFiltering - Copying 0 resource from src\main\resources to target\classes
2023-12-01 09:46:27,096 [Worker-0: Building] INFO  o.a.m.s.f.DefaultMavenResourcesFiltering - skip non existing resourceDirectory C:\Users\0020994\Desktop\ProyectoFinal\07-Hoteles\src\test\resources
2023-12-01 09:46:41,988 [Worker-40: Building] INFO  o.a.m.s.f.DefaultMavenResourcesFiltering - Copying 1 resource from src\main\resources to target\classes
2023-12-01 09:46:41,993 [Worker-40: Building] INFO  o.a.m.s.f.DefaultMavenResourcesFiltering - Copying 0 resource from src\main\resources to target\classes
2023-12-01 09:46:41,996 [Worker-40: Building] INFO  o.a.m.s.f.DefaultMavenResourcesFiltering - skip non existing resourceDirectory C:\Users\0020994\Desktop\ProyectoFinal\07-Hoteles\src\test\resources
2023-12-01 09:46:59,703 [Worker-40: Building] INFO  o.a.m.s.f.DefaultMavenResourcesFiltering - Copying 1 resource from src\main\resources to target\classes
2023-12-01 09:46:59,708 [Worker-40: Building] INFO  o.a.m.s.f.DefaultMavenResourcesFiltering - Copying 0 resource from src\main\resources to target\classes
2023-12-01 09:46:59,709 [Worker-40: Building] INFO  o.a.m.s.f.DefaultMavenResourcesFiltering - skip non existing resourceDirectory C:\Users\0020994\Desktop\ProyectoFinal\07-Hoteles\src\test\resources
2023-12-01 09:47:26,707 [Worker-0: Building] INFO  o.a.m.s.f.DefaultMavenResourcesFiltering - Copying 1 resource from src\main\resources to target\classes
2023-12-01 09:47:26,712 [Worker-0: Building] INFO  o.a.m.s.f.DefaultMavenResourcesFiltering - Copying 0 resource from src\main\resources to target\classes
2023-12-01 09:47:26,714 [Worker-0: Building] INFO  o.a.m.s.f.DefaultMavenResourcesFiltering - skip non existing resourceDirectory C:\Users\0020994\Desktop\ProyectoFinal\07-Hoteles\src\test\resources
2023-12-01 09:47:36,255 [Worker-8: Building] INFO  o.a.m.s.f.DefaultMavenResourcesFiltering - Copying 1 resource from src\main\resources to target\classes
2023-12-01 09:47:36,271 [Worker-8: Building] INFO  o.a.m.s.f.DefaultMavenResourcesFiltering - Copying 0 resource from src\main\resources to target\classes
2023-12-01 09:47:36,273 [Worker-8: Building] INFO  o.a.m.s.f.DefaultMavenResourcesFiltering - skip non existing resourceDirectory C:\Users\0020994\Desktop\ProyectoFinal\07-Hoteles\src\test\resources
2023-12-01 09:49:10,366 [Worker-41: Building] INFO  o.a.m.s.f.DefaultMavenResourcesFiltering - Copying 1 resource from src\main\resources to target\classes
2023-12-01 09:49:10,372 [Worker-41: Building] INFO  o.a.m.s.f.DefaultMavenResourcesFiltering - Copying 0 resource from src\main\resources to target\classes
2023-12-01 09:49:10,375 [Worker-41: Building] INFO  o.a.m.s.f.DefaultMavenResourcesFiltering - skip non existing resourceDirectory C:\Users\0020994\Desktop\ProyectoFinal\07-Hoteles\src\test\resources
2023-12-01 09:49:19,102 [Worker-0: Building] INFO  o.a.m.s.f.DefaultMavenResourcesFiltering - Copying 1 resource from src\main\resources to target\classes
2023-12-01 09:49:19,116 [Worker-0: Building] INFO  o.a.m.s.f.DefaultMavenResourcesFiltering - Copying 0 resource from src\main\resources to target\classes
2023-12-01 09:49:19,119 [Worker-0: Building] INFO  o.a.m.s.f.DefaultMavenResourcesFiltering - skip non existing resourceDirectory C:\Users\0020994\Desktop\ProyectoFinal\07-Hoteles\src\test\resources
2023-12-01 09:50:17,536 [Worker-41: Building] INFO  o.a.m.s.f.DefaultMavenResourcesFiltering - Copying 1 resource from src\main\resources to target\classes
2023-12-01 09:50:17,540 [Worker-41: Building] INFO  o.a.m.s.f.DefaultMavenResourcesFiltering - Copying 0 resource from src\main\resources to target\classes
2023-12-01 09:50:17,542 [Worker-41: Building] INFO  o.a.m.s.f.DefaultMavenResourcesFiltering - skip non existing resourceDirectory C:\Users\0020994\Desktop\ProyectoFinal\07-Hoteles\src\test\resources
2023-12-01 09:50:33,089 [Worker-2: Building] INFO  o.a.m.s.f.DefaultMavenResourcesFiltering - Copying 1 resource from src\main\resources to target\classes
2023-12-01 09:50:33,093 [Worker-2: Building] INFO  o.a.m.s.f.DefaultMavenResourcesFiltering - Copying 0 resource from src\main\resources to target\classes
2023-12-01 09:50:33,095 [Worker-2: Building] INFO  o.a.m.s.f.DefaultMavenResourcesFiltering - skip non existing resourceDirectory C:\Users\0020994\Desktop\ProyectoFinal\07-Hoteles\src\test\resources
2023-12-01 09:52:47,076 [Worker-0: Building] INFO  o.a.m.s.f.DefaultMavenResourcesFiltering - Copying 1 resource from src\main\resources to target\classes
2023-12-01 09:52:47,088 [Worker-0: Building] INFO  o.a.m.s.f.DefaultMavenResourcesFiltering - Copying 0 resource from src\main\resources to target\classes
2023-12-01 09:52:47,090 [Worker-0: Building] INFO  o.a.m.s.f.DefaultMavenResourcesFiltering - skip non existing resourceDirectory C:\Users\0020994\Desktop\ProyectoFinal\07-Hoteles\src\test\resources
2023-12-01 09:52:56,050 [Worker-2: Building] INFO  o.a.m.s.f.DefaultMavenResourcesFiltering - Copying 1 resource from src\main\resources to target\classes
2023-12-01 09:52:56,057 [Worker-2: Building] INFO  o.a.m.s.f.DefaultMavenResourcesFiltering - Copying 0 resource from src\main\resources to target\classes
2023-12-01 09:52:56,059 [Worker-2: Building] INFO  o.a.m.s.f.DefaultMavenResourcesFiltering - skip non existing resourceDirectory C:\Users\0020994\Desktop\ProyectoFinal\07-Hoteles\src\test\resources
2023-12-01 09:53:10,284 [Worker-0: Building] INFO  o.a.m.s.f.DefaultMavenResourcesFiltering - Copying 1 resource from src\main\resources to target\classes
2023-12-01 09:53:10,290 [Worker-0: Building] INFO  o.a.m.s.f.DefaultMavenResourcesFiltering - Copying 0 resource from src\main\resources to target\classes
2023-12-01 09:53:10,292 [Worker-0: Building] INFO  o.a.m.s.f.DefaultMavenResourcesFiltering - skip non existing resourceDirectory C:\Users\0020994\Desktop\ProyectoFinal\07-Hoteles\src\test\resources
2023-12-01 09:53:35,103 [Worker-41: Launching 07-Reservas - Application] INFO  o.a.m.s.f.DefaultMavenResourcesFiltering - Copying 1 resource from src\main\resources to target\classes
2023-12-01 09:53:35,110 [Worker-41: Launching 07-Reservas - Application] INFO  o.a.m.s.f.DefaultMavenResourcesFiltering - Copying 0 resource from src\main\resources to target\classes
2023-12-01 09:53:35,112 [Worker-41: Launching 07-Reservas - Application] INFO  o.a.m.s.f.DefaultMavenResourcesFiltering - skip non existing resourceDirectory C:\Users\0020994\Desktop\ProyectoFinal\07-Hoteles\src\test\resources
2023-12-01 09:53:36,930 [Worker-41: Launching 07-Reservas - Application] INFO  o.e.m.c.i.p.WorkspaceClassifierResolverManager - Resolving P/07-Vuelos: com.curso.inicio:07-Vuelos:0.0.1-SNAPSHOT with classifier null to /07-Vuelos/target/classes
2023-12-01 09:53:36,931 [Worker-41: Launching 07-Reservas - Application] INFO  o.e.m.c.i.p.WorkspaceClassifierResolverManager - Resolving P/07-Hoteles: com.curso.inicio:07-Agencia_Viajes:0.0.1-SNAPSHOT with classifier null to /07-Hoteles/target/classes
2023-12-01 09:53:37,045 [Worker-41: Launching 07-Reservas - Application] INFO  o.e.m.c.i.p.WorkspaceClassifierResolverManager - Resolving P/07-Vuelos: com.curso.inicio:07-Vuelos:0.0.1-SNAPSHOT with classifier null to /07-Vuelos/target/classes
2023-12-01 09:53:37,046 [Worker-41: Launching 07-Reservas - Application] INFO  o.e.m.c.i.p.WorkspaceClassifierResolverManager - Resolving P/07-Hoteles: com.curso.inicio:07-Agencia_Viajes:0.0.1-SNAPSHOT with classifier null to /07-Hoteles/target/classes
2023-12-01 09:53:37,140 [Worker-41: Launching 07-Reservas - Application] INFO  o.e.m.c.i.p.WorkspaceClassifierResolverManager - Resolving P/07-Vuelos: com.curso.inicio:07-Vuelos:0.0.1-SNAPSHOT with classifier null to /07-Vuelos/target/classes
2023-12-01 09:53:37,140 [Worker-41: Launching 07-Reservas - Application] INFO  o.e.m.c.i.p.WorkspaceClassifierResolverManager - Resolving P/07-Hoteles: com.curso.inicio:07-Agencia_Viajes:0.0.1-SNAPSHOT with classifier null to /07-Hoteles/target/classes
2023-12-01 09:53:47,561 [Worker-44: Building] INFO  o.e.m.c.i.l.LifecycleMappingFactory - Using org.eclipse.m2e.jdt.JarLifecycleMapping lifecycle mapping for MavenProject: com.curso.inicio:07-Reservas:0.0.1-SNAPSHOT @ C:\Users\0020994\Desktop\ProyectoFinal\07-Reservas\pom.xml.
2023-12-01 09:53:47,860 [Worker-44: Building] INFO  o.e.m.c.i.p.WorkspaceClassifierResolverManager - Resolving P/07-Vuelos: com.curso.inicio:07-Vuelos:0.0.1-SNAPSHOT with classifier  to /07-Vuelos/target/classes
2023-12-01 09:53:47,861 [Worker-44: Building] INFO  o.e.m.c.i.p.WorkspaceClassifierResolverManager - Resolving P/07-Hoteles: com.curso.inicio:07-Agencia_Viajes:0.0.1-SNAPSHOT with classifier  to /07-Hoteles/target/classes
2023-12-01 09:53:48,062 [Worker-44: Building] INFO  o.a.m.s.f.DefaultMavenResourcesFiltering - Copying 0 resource from src\main\resources to target\classes
2023-12-01 09:53:48,063 [Worker-44: Building] INFO  o.a.m.s.f.DefaultMavenResourcesFiltering - Copying 0 resource from src\main\resources to target\classes
2023-12-01 09:53:48,065 [Worker-44: Building] INFO  o.a.m.s.f.DefaultMavenResourcesFiltering - skip non existing resourceDirectory C:\Users\0020994\Desktop\ProyectoFinal\07-Reservas\src\test\resources
2023-12-01 09:53:50,637 [Worker-41: Launching 07-Reservas - Application] INFO  o.e.m.c.i.p.WorkspaceClassifierResolverManager - Resolving P/07-Vuelos: com.curso.inicio:07-Vuelos:0.0.1-SNAPSHOT with classifier null to /07-Vuelos/target/classes
2023-12-01 09:53:50,638 [Worker-41: Launching 07-Reservas - Application] INFO  o.e.m.c.i.p.WorkspaceClassifierResolverManager - Resolving P/07-Hoteles: com.curso.inicio:07-Agencia_Viajes:0.0.1-SNAPSHOT with classifier null to /07-Hoteles/target/classes
2023-12-01 09:53:50,735 [Worker-41: Launching 07-Reservas - Application] INFO  o.e.m.c.i.p.WorkspaceClassifierResolverManager - Resolving P/07-Vuelos: com.curso.inicio:07-Vuelos:0.0.1-SNAPSHOT with classifier null to /07-Vuelos/target/classes
2023-12-01 09:53:50,736 [Worker-41: Launching 07-Reservas - Application] INFO  o.e.m.c.i.p.WorkspaceClassifierResolverManager - Resolving P/07-Hoteles: com.curso.inicio:07-Agencia_Viajes:0.0.1-SNAPSHOT with classifier null to /07-Hoteles/target/classes
2023-12-01 09:53:50,849 [Worker-41: Launching 07-Reservas - Application] INFO  o.e.m.c.i.p.WorkspaceClassifierResolverManager - Resolving P/07-Vuelos: com.curso.inicio:07-Vuelos:0.0.1-SNAPSHOT with classifier null to /07-Vuelos/target/classes
2023-12-01 09:53:50,850 [Worker-41: Launching 07-Reservas - Application] INFO  o.e.m.c.i.p.WorkspaceClassifierResolverManager - Resolving P/07-Hoteles: com.curso.inicio:07-Agencia_Viajes:0.0.1-SNAPSHOT with classifier null to /07-Hoteles/target/classes
2023-12-01 09:54:15,592 [Worker-0: Building] INFO  o.a.m.s.f.DefaultMavenResourcesFiltering - Copying 1 resource from src\main\resources to target\classes
2023-12-01 09:54:15,623 [Worker-0: Building] INFO  o.a.m.s.f.DefaultMavenResourcesFiltering - Copying 0 resource from src\main\resources to target\classes
2023-12-01 09:54:15,627 [Worker-0: Building] INFO  o.a.m.s.f.DefaultMavenResourcesFiltering - skip non existing resourceDirectory C:\Users\0020994\Desktop\ProyectoFinal\07-Reservas\src\test\resources
2023-12-01 09:54:24,650 [Worker-46: Building] INFO  o.a.m.s.f.DefaultMavenResourcesFiltering - Copying 1 resource from src\main\resources to target\classes
2023-12-01 09:54:24,665 [Worker-46: Building] INFO  o.a.m.s.f.DefaultMavenResourcesFiltering - Copying 0 resource from src\main\resources to target\classes
2023-12-01 09:54:24,666 [Worker-46: Building] INFO  o.a.m.s.f.DefaultMavenResourcesFiltering - skip non existing resourceDirectory C:\Users\0020994\Desktop\ProyectoFinal\07-Reservas\src\test\resources
2023-12-01 09:54:54,628 [Worker-44: Building] INFO  o.a.m.s.f.DefaultMavenResourcesFiltering - Copying 1 resource from src\main\resources to target\classes
2023-12-01 09:54:54,639 [Worker-44: Building] INFO  o.a.m.s.f.DefaultMavenResourcesFiltering - Copying 0 resource from src\main\resources to target\classes
2023-12-01 09:54:54,641 [Worker-44: Building] INFO  o.a.m.s.f.DefaultMavenResourcesFiltering - skip non existing resourceDirectory C:\Users\0020994\Desktop\ProyectoFinal\07-Vuelos\src\test\resources
2023-12-01 09:55:04,204 [Worker-44: Launching 07-Reservas - Application] INFO  o.e.m.c.i.p.WorkspaceClassifierResolverManager - Resolving P/07-Vuelos: com.curso.inicio:07-Vuelos:0.0.1-SNAPSHOT with classifier null to /07-Vuelos/target/classes
2023-12-01 09:55:04,205 [Worker-44: Launching 07-Reservas - Application] INFO  o.e.m.c.i.p.WorkspaceClassifierResolverManager - Resolving P/07-Hoteles: com.curso.inicio:07-Agencia_Viajes:0.0.1-SNAPSHOT with classifier null to /07-Hoteles/target/classes
2023-12-01 09:55:04,296 [Worker-44: Launching 07-Reservas - Application] INFO  o.e.m.c.i.p.WorkspaceClassifierResolverManager - Resolving P/07-Vuelos: com.curso.inicio:07-Vuelos:0.0.1-SNAPSHOT with classifier null to /07-Vuelos/target/classes
2023-12-01 09:55:04,297 [Worker-44: Launching 07-Reservas - Application] INFO  o.e.m.c.i.p.WorkspaceClassifierResolverManager - Resolving P/07-Hoteles: com.curso.inicio:07-Agencia_Viajes:0.0.1-SNAPSHOT with classifier null to /07-Hoteles/target/classes
2023-12-01 09:55:04,389 [Worker-44: Launching 07-Reservas - Application] INFO  o.e.m.c.i.p.WorkspaceClassifierResolverManager - Resolving P/07-Vuelos: com.curso.inicio:07-Vuelos:0.0.1-SNAPSHOT with classifier null to /07-Vuelos/target/classes
2023-12-01 09:55:04,390 [Worker-44: Launching 07-Reservas - Application] INFO  o.e.m.c.i.p.WorkspaceClassifierResolverManager - Resolving P/07-Hoteles: com.curso.inicio:07-Agencia_Viajes:0.0.1-SNAPSHOT with classifier null to /07-Hoteles/target/classes
2023-12-01 09:57:21,270 [Worker-48: Building] INFO  o.a.m.s.f.DefaultMavenResourcesFiltering - Copying 1 resource from src\main\resources to target\classes
2023-12-01 09:57:21,275 [Worker-48: Building] INFO  o.a.m.s.f.DefaultMavenResourcesFiltering - Copying 0 resource from src\main\resources to target\classes
2023-12-01 09:57:21,276 [Worker-48: Building] INFO  o.a.m.s.f.DefaultMavenResourcesFiltering - skip non existing resourceDirectory C:\Users\0020994\Desktop\ProyectoFinal\07-Reservas\src\test\resources
2023-12-01 10:03:43,363 [Worker-50: Building] INFO  o.a.m.s.f.DefaultMavenResourcesFiltering - Copying 1 resource from src\main\resources to target\classes
2023-12-01 10:03:43,370 [Worker-50: Building] INFO  o.a.m.s.f.DefaultMavenResourcesFiltering - Copying 0 resource from src\main\resources to target\classes
2023-12-01 10:03:43,372 [Worker-50: Building] INFO  o.a.m.s.f.DefaultMavenResourcesFiltering - skip non existing resourceDirectory C:\Users\0020994\Desktop\ProyectoFinal\07-Hoteles\src\test\resources
2023-12-01 10:04:34,260 [Worker-53: Building] INFO  o.a.m.s.f.DefaultMavenResourcesFiltering - Copying 1 resource from src\main\resources to target\classes
2023-12-01 10:04:34,267 [Worker-53: Building] INFO  o.a.m.s.f.DefaultMavenResourcesFiltering - Copying 0 resource from src\main\resources to target\classes
2023-12-01 10:04:34,269 [Worker-53: Building] INFO  o.a.m.s.f.DefaultMavenResourcesFiltering - skip non existing resourceDirectory C:\Users\0020994\Desktop\ProyectoFinal\07-Reservas\src\test\resources
2023-12-01 10:04:36,835 [Worker-52: Building] INFO  o.a.m.s.f.DefaultMavenResourcesFiltering - Copying 1 resource from src\main\resources to target\classes
2023-12-01 10:04:36,854 [Worker-52: Building] INFO  o.a.m.s.f.DefaultMavenResourcesFiltering - Copying 0 resource from src\main\resources to target\classes
2023-12-01 10:04:36,856 [Worker-52: Building] INFO  o.a.m.s.f.DefaultMavenResourcesFiltering - skip non existing resourceDirectory C:\Users\0020994\Desktop\ProyectoFinal\07-Reservas\src\test\resources
2023-12-01 10:08:42,204 [Worker-58: Building] INFO  o.a.m.s.f.DefaultMavenResourcesFiltering - Copying 1 resource from src\main\resources to target\classes
2023-12-01 10:08:42,209 [Worker-58: Building] INFO  o.a.m.s.f.DefaultMavenResourcesFiltering - Copying 0 resource from src\main\resources to target\classes
2023-12-01 10:08:42,211 [Worker-58: Building] INFO  o.a.m.s.f.DefaultMavenResourcesFiltering - skip non existing resourceDirectory C:\Users\0020994\Desktop\ProyectoFinal\07-Hoteles\src\test\resources
